<?xml version="1.0" encoding="UTF-8"?>
<testsuite name="zerobase.weather.repository.JpaMemoRepositoryTest" tests="1" skipped="0" failures="0" errors="0" timestamp="2024-10-25T11:29:46" hostname="DESKTOP-RP5SU1O" time="2.0">
  <properties/>
  <testcase name="findByIdTest()" classname="zerobase.weather.repository.JpaMemoRepositoryTest" time="2.0"/>
  <system-out><![CDATA[20:29:33.659 [Test worker] INFO org.springframework.test.context.support.AnnotationConfigContextLoaderUtils -- Could not detect default configuration classes for test class [zerobase.weather.repository.JpaMemoRepositoryTest]: JpaMemoRepositoryTest does not declare any static, non-private, non-final, nested classes annotated with @Configuration.
20:29:34.085 [Test worker] INFO org.springframework.boot.test.context.SpringBootTestContextBootstrapper -- Found @SpringBootConfiguration zerobase.weather.WeatherApplication for test class zerobase.weather.repository.JpaMemoRepositoryTest

  .   ____          _            __ _ _
 /\\ / ___'_ __ _ _(_)_ __  __ _ \ \ \ \
( ( )\___ | '_ | '_| | '_ \/ _` | \ \ \ \
 \\/  ___)| |_)| | | | | || (_| |  ) ) ) )
  '  |____| .__|_| |_|_| |_\__, | / / / /
 =========|_|==============|___/=/_/_/_/

 :: Spring Boot ::                (v3.3.4)

2024-10-25T20:29:35.386+09:00  INFO 25764 --- [weather] [    Test worker] z.w.repository.JpaMemoRepositoryTest     : Starting JpaMemoRepositoryTest using Java 17.0.10 with PID 25764 (started by khjin in C:\dev\zerobase\weather)
2024-10-25T20:29:35.390+09:00  INFO 25764 --- [weather] [    Test worker] z.w.repository.JpaMemoRepositoryTest     : No active profile set, falling back to 1 default profile: "default"
2024-10-25T20:29:37.313+09:00  INFO 25764 --- [weather] [    Test worker] .s.d.r.c.RepositoryConfigurationDelegate : Bootstrapping Spring Data JPA repositories in DEFAULT mode.
2024-10-25T20:29:37.467+09:00  INFO 25764 --- [weather] [    Test worker] .s.d.r.c.RepositoryConfigurationDelegate : Finished Spring Data repository scanning in 135 ms. Found 1 JPA repository interface.
2024-10-25T20:29:38.950+09:00  INFO 25764 --- [weather] [    Test worker] com.zaxxer.hikari.HikariDataSource       : HikariPool-1 - Starting...
2024-10-25T20:29:39.261+09:00  INFO 25764 --- [weather] [    Test worker] com.zaxxer.hikari.pool.HikariPool        : HikariPool-1 - Added connection org.mariadb.jdbc.Connection@44e4cb76
2024-10-25T20:29:39.266+09:00  INFO 25764 --- [weather] [    Test worker] com.zaxxer.hikari.HikariDataSource       : HikariPool-1 - Start completed.
2024-10-25T20:29:39.422+09:00  INFO 25764 --- [weather] [    Test worker] o.hibernate.jpa.internal.util.LogHelper  : HHH000204: Processing PersistenceUnitInfo [name: default]
2024-10-25T20:29:39.679+09:00  INFO 25764 --- [weather] [    Test worker] org.hibernate.Version                    : HHH000412: Hibernate ORM core version 6.5.3.Final
2024-10-25T20:29:39.801+09:00  INFO 25764 --- [weather] [    Test worker] o.h.c.internal.RegionFactoryInitiator    : HHH000026: Second-level cache disabled
2024-10-25T20:29:40.883+09:00  INFO 25764 --- [weather] [    Test worker] o.s.o.j.p.SpringPersistenceUnitInfo      : No LoadTimeWeaver setup: ignoring JPA class transformer
2024-10-25T20:29:41.053+09:00  WARN 25764 --- [weather] [    Test worker] org.hibernate.orm.deprecation            : HHH90000025: MySQLDialect does not need to be specified explicitly using 'hibernate.dialect' (remove the property setting and it will be selected by default)
2024-10-25T20:29:43.671+09:00  INFO 25764 --- [weather] [    Test worker] o.h.e.t.j.p.i.JtaPlatformInitiator       : HHH000489: No JTA platform available (set 'hibernate.transaction.jta.platform' to enable JTA platform integration)
2024-10-25T20:29:43.681+09:00  INFO 25764 --- [weather] [    Test worker] j.LocalContainerEntityManagerFactoryBean : Initialized JPA EntityManagerFactory for persistence unit 'default'
2024-10-25T20:29:44.223+09:00  WARN 25764 --- [weather] [    Test worker] JpaBaseConfiguration$JpaWebConfiguration : spring.jpa.open-in-view is enabled by default. Therefore, database queries may be performed during view rendering. Explicitly configure spring.jpa.open-in-view to disable this warning
2024-10-25T20:29:46.176+09:00  INFO 25764 --- [weather] [    Test worker] z.w.repository.JpaMemoRepositoryTest     : Started JpaMemoRepositoryTest in 11.484 seconds (process running for 15.129)
Hibernate: select m1_0.id,m1_0.text from memo m1_0 where m1_0.id=?
Hibernate: insert into memo (text) values (?)
6
]]></system-out>
  <system-err><![CDATA[]]></system-err>
</testsuite>
